\BOOKMARK [1][-]{section.1}{Source Code}{}% 1
\BOOKMARK [2][-]{subsection.1.1}{Creating Noise}{section.1}% 2
\BOOKMARK [3][-]{subsubsection.1.1.1}{Gaussian Noise}{subsection.1.1}% 3
\BOOKMARK [3][-]{subsubsection.1.1.2}{Salt-and-Pepper Noise}{subsection.1.1}% 4
\BOOKMARK [2][-]{subsection.1.2}{Box Filtering}{section.1}% 5
\BOOKMARK [2][-]{subsection.1.3}{Median Filtering}{section.1}% 6
\BOOKMARK [2][-]{subsection.1.4}{Opening-then-Closing}{section.1}% 7
\BOOKMARK [3][-]{subsubsection.1.4.1}{Opening}{subsection.1.4}% 8
\BOOKMARK [3][-]{subsubsection.1.4.2}{Closing}{subsection.1.4}% 9
\BOOKMARK [2][-]{subsection.1.5}{Closing-then-Opening}{section.1}% 10
\BOOKMARK [2][-]{subsection.1.6}{SNR Computing}{section.1}% 11
\BOOKMARK [1][-]{section.2}{Results}{}% 12
\BOOKMARK [2][-]{subsection.2.1}{Gaussain Noise with amplitude=10}{section.2}% 13
\BOOKMARK [2][-]{subsection.2.2}{Gaussain Noise with amplitude=30}{section.2}% 14
\BOOKMARK [2][-]{subsection.2.3}{Salt-and-Pepper Noise with prob=0.1}{section.2}% 15
\BOOKMARK [2][-]{subsection.2.4}{Salt-and-Pepper Noise with prob=0.05}{section.2}% 16
\BOOKMARK [2][-]{subsection.2.5}{SNR Results}{section.2}% 17
\BOOKMARK [3][-]{subsubsection.2.5.1}{Noisy Images}{subsection.2.5}% 18
\BOOKMARK [3][-]{subsubsection.2.5.2}{With 3x3 Box Filtering}{subsection.2.5}% 19
\BOOKMARK [3][-]{subsubsection.2.5.3}{With 5x5 Box Filtering}{subsection.2.5}% 20
\BOOKMARK [3][-]{subsubsection.2.5.4}{With 3x3 Median Filtering}{subsection.2.5}% 21
\BOOKMARK [3][-]{subsubsection.2.5.5}{With 5x5 Median Filtering}{subsection.2.5}% 22
\BOOKMARK [3][-]{subsubsection.2.5.6}{With Opening-then-Closing}{subsection.2.5}% 23
\BOOKMARK [3][-]{subsubsection.2.5.7}{With Closing-then-Opening}{subsection.2.5}% 24
